<?xml version="1.0" encoding="UTF-8"?>
<testng-results ignored="0" total="1" passed="1" failed="0" skipped="0">
  <reporter-output>
  </reporter-output>
  <suite started-at="2026-01-06T14:10:27 IST" name="Default suite" finished-at="2026-01-06T14:10:42 IST" duration-ms="15523">
    <groups>
    </groups>
    <test started-at="2026-01-06T14:10:27 IST" name="Default test" finished-at="2026-01-06T14:10:42 IST" duration-ms="15523">
      <class name="ObjectDemo.ObjDemo">
        <test-method signature="ConfigRead()[pri:0, instance:ObjectDemo.ObjDemo@3d285d7e]" started-at="2026-01-06T14:10:27 IST" name="ConfigRead" finished-at="2026-01-06T14:10:42 IST" duration-ms="15439" status="PASS">
          <reporter-output>
          </reporter-output>
        </test-method> <!-- ConfigRead -->
      </class> <!-- ObjectDemo.ObjDemo -->
    </test> <!-- Default test -->
  </suite> <!-- Default suite -->
</testng-results>
